[debug] [2021-04-20T17:03:54.237Z] ----------------------------------------------------------------------
[debug] [2021-04-20T17:03:54.239Z] Command:       C:\Program Files\nodejs\node.exe C:\Users\Admin\AppData\Roaming\npm\node_modules\firebase-tools\lib\bin\firebase.js init
[debug] [2021-04-20T17:03:54.239Z] CLI Version:   9.10.0
[debug] [2021-04-20T17:03:54.239Z] Platform:      win32
[debug] [2021-04-20T17:03:54.239Z] Node Version:  v14.16.1
[debug] [2021-04-20T17:03:54.240Z] Time:          Tue Apr 20 2021 22:33:54 GMT+0530 (India Standard Time)
[debug] [2021-04-20T17:03:54.240Z] ----------------------------------------------------------------------
[debug] 
[debug] [2021-04-20T17:03:54.248Z] > command requires scopes: ["email","openid","https://www.googleapis.com/auth/cloudplatformprojects.readonly","https://www.googleapis.com/auth/firebase","https://www.googleapis.com/auth/cloud-platform"]
[debug] [2021-04-20T17:03:54.248Z] > authorizing via signed-in user (divyanshpks@gmail.com)
[info] 
     ######## #### ########  ######## ########     ###     ######  ########
     ##        ##  ##     ## ##       ##     ##  ##   ##  ##       ##
     ######    ##  ########  ######   ########  #########  ######  ######
     ##        ##  ##    ##  ##       ##     ## ##     ##       ## ##
     ##       #### ##     ## ######## ########  ##     ##  ######  ########

You're about to initialize a Firebase project in this directory:

  C:\Users\Admin\AndroidStudioProjects\flutter_app

Before we get started, keep in mind:

  * You are initializing in an existing Firebase project directory

